
  .   ____          _            __ _ _
 /\\ / ___'_ __ _ _(_)_ __  __ _ \ \ \ \
( ( )\___ | '_ | '_| | '_ \/ _` | \ \ \ \
 \\/  ___)| |_)| | | | | || (_| |  ) ) ) )
  '  |____| .__|_| |_|_| |_\__, | / / / /
 =========|_|==============|___/=/_/_/_/
 :: Spring Boot ::                (v3.2.0)

2025-09-18T10:06:10.952+09:00  INFO 58252 --- [kintai] [           main] com.kintai.KintaiApplication             : Starting KintaiApplication v0.0.1-SNAPSHOT using Java 17.0.16 with PID 58252 (/Users/keigofujita/kintai/target/kintai-0.0.1-SNAPSHOT.jar started by keigofujita in /Users/keigofujita/kintai)
2025-09-18T10:06:10.954+09:00 DEBUG 58252 --- [kintai] [           main] com.kintai.KintaiApplication             : Running with Spring Boot v3.2.0, Spring v6.1.1
2025-09-18T10:06:10.955+09:00  INFO 58252 --- [kintai] [           main] com.kintai.KintaiApplication             : No active profile set, falling back to 1 default profile: "default"
2025-09-18T10:06:11.522+09:00  INFO 58252 --- [kintai] [           main] .s.d.r.c.RepositoryConfigurationDelegate : Bootstrapping Spring Data JPA repositories in DEFAULT mode.
2025-09-18T10:06:11.542+09:00  INFO 58252 --- [kintai] [           main] .s.d.r.c.RepositoryConfigurationDelegate : Finished Spring Data repository scanning in 17 ms. Found 4 JPA repository interfaces.
2025-09-18T10:06:11.856+09:00  INFO 58252 --- [kintai] [           main] o.s.b.w.embedded.tomcat.TomcatWebServer  : Tomcat initialized with port 8080 (http)
2025-09-18T10:06:11.860+09:00  INFO 58252 --- [kintai] [           main] o.apache.catalina.core.StandardService   : Starting service [Tomcat]
2025-09-18T10:06:11.860+09:00  INFO 58252 --- [kintai] [           main] o.apache.catalina.core.StandardEngine    : Starting Servlet engine: [Apache Tomcat/10.1.16]
2025-09-18T10:06:11.876+09:00  INFO 58252 --- [kintai] [           main] o.a.c.c.C.[Tomcat].[localhost].[/]       : Initializing Spring embedded WebApplicationContext
2025-09-18T10:06:11.877+09:00  INFO 58252 --- [kintai] [           main] w.s.c.ServletWebServerApplicationContext : Root WebApplicationContext: initialization completed in 875 ms
2025-09-18T10:06:11.952+09:00  INFO 58252 --- [kintai] [           main] com.zaxxer.hikari.HikariDataSource       : HikariPool-1 - Starting...
2025-09-18T10:06:12.064+09:00  INFO 58252 --- [kintai] [           main] com.zaxxer.hikari.pool.HikariPool        : HikariPool-1 - Added connection conn0: url=jdbc:h2:mem:testdb user=SA
2025-09-18T10:06:12.064+09:00  INFO 58252 --- [kintai] [           main] com.zaxxer.hikari.HikariDataSource       : HikariPool-1 - Start completed.
2025-09-18T10:06:12.070+09:00  INFO 58252 --- [kintai] [           main] o.s.b.a.h2.H2ConsoleAutoConfiguration    : H2 console available at '/h2-console'. Database available at 'jdbc:h2:mem:testdb'
2025-09-18T10:06:12.121+09:00 DEBUG 58252 --- [kintai] [           main] o.s.w.f.ServerHttpObservationFilter      : Filter 'webMvcObservationFilter' configured for use
2025-09-18T10:06:12.172+09:00  INFO 58252 --- [kintai] [           main] o.hibernate.jpa.internal.util.LogHelper  : HHH000204: Processing PersistenceUnitInfo [name: default]
2025-09-18T10:06:12.198+09:00  INFO 58252 --- [kintai] [           main] org.hibernate.Version                    : HHH000412: Hibernate ORM core version 6.3.1.Final
2025-09-18T10:06:12.216+09:00  INFO 58252 --- [kintai] [           main] o.h.c.internal.RegionFactoryInitiator    : HHH000026: Second-level cache disabled
2025-09-18T10:06:12.313+09:00  INFO 58252 --- [kintai] [           main] o.s.o.j.p.SpringPersistenceUnitInfo      : No LoadTimeWeaver setup: ignoring JPA class transformer
2025-09-18T10:06:12.331+09:00  WARN 58252 --- [kintai] [           main] org.hibernate.orm.deprecation            : HHH90000025: H2Dialect does not need to be specified explicitly using 'hibernate.dialect' (remove the property setting and it will be selected by default)
2025-09-18T10:06:12.656+09:00  INFO 58252 --- [kintai] [           main] o.h.e.t.j.p.i.JtaPlatformInitiator       : HHH000489: No JTA platform available (set 'hibernate.transaction.jta.platform' to enable JTA platform integration)
Hibernate: 
    drop table if exists attendance_records cascade 
Hibernate: 
    drop table if exists employees cascade 
Hibernate: 
    drop table if exists user_accounts cascade 
Hibernate: 
    drop table if exists vacation_requests cascade 
Hibernate: 
    create table attendance_records (
        attendance_date date not null,
        attendance_fixed_flag BOOLEAN DEFAULT FALSE not null,
        early_leave_minutes INT DEFAULT 0 not null,
        late_minutes INT DEFAULT 0 not null,
        night_shift_minutes INT DEFAULT 0 not null,
        overtime_minutes INT DEFAULT 0 not null,
        attendance_id bigint generated by default as identity,
        clock_in_time timestamp(6),
        clock_out_time timestamp(6),
        created_at timestamp(6) not null,
        employee_id bigint not null,
        updated_at timestamp(6) not null,
        attendance_status varchar(255) not null check (attendance_status in ('NORMAL','LATE','EARLY_LEAVE','LATE_AND_EARLY_LEAVE','OVERTIME','NIGHT_SHIFT','ABSENT')),
        primary key (attendance_id)
    )
Hibernate: 
    create table employees (
        hire_date date not null,
        is_active BOOLEAN DEFAULT TRUE not null,
        retirement_date date,
        created_at timestamp(6) not null,
        employee_id bigint generated by default as identity,
        updated_at timestamp(6) not null,
        email varchar(255) not null unique,
        employee_code varchar(255) not null unique,
        first_name varchar(255) not null,
        last_name varchar(255) not null,
        primary key (employee_id)
    )
Hibernate: 
    create table user_accounts (
        enabled boolean not null,
        employee_id bigint not null,
        id bigint generated by default as identity,
        password varchar(255) not null,
        role varchar(255) not null check (role in ('EMPLOYEE','ADMIN')),
        username varchar(255) not null unique,
        primary key (id)
    )
Hibernate: 
    create table vacation_requests (
        days integer not null,
        end_date date not null,
        start_date date not null,
        created_at timestamp(6) not null,
        employee_id bigint not null,
        updated_at timestamp(6) not null,
        vacation_id bigint generated by default as identity,
        reason varchar(255),
        status varchar(255) not null check (status in ('PENDING','APPROVED','REJECTED')),
        primary key (vacation_id)
    )
2025-09-18T10:06:12.679+09:00  INFO 58252 --- [kintai] [           main] j.LocalContainerEntityManagerFactoryBean : Initialized JPA EntityManagerFactory for persistence unit 'default'
Hibernate: 
    select
        ua1_0.id,
        ua1_0.employee_id,
        ua1_0.enabled,
        ua1_0.password,
        ua1_0.role,
        ua1_0.username 
    from
        user_accounts ua1_0
Hibernate: 
    insert 
    into
        user_accounts
        (employee_id, enabled, password, role, username, id) 
    values
        (?, ?, ?, ?, ?, default)
Hibernate: 
    insert 
    into
        user_accounts
        (employee_id, enabled, password, role, username, id) 
    values
        (?, ?, ?, ?, ?, default)
Hibernate: 
    insert 
    into
        user_accounts
        (employee_id, enabled, password, role, username, id) 
    values
        (?, ?, ?, ?, ?, default)
2025-09-18T10:06:13.178+09:00  INFO 58252 --- [kintai] [           main] o.s.d.j.r.query.QueryEnhancerFactory     : Hibernate is in classpath; If applicable, HQL parser will be used.
2025-09-18T10:06:13.495+09:00  WARN 58252 --- [kintai] [           main] JpaBaseConfiguration$JpaWebConfiguration : spring.jpa.open-in-view is enabled by default. Therefore, database queries may be performed during view rendering. Explicitly configure spring.jpa.open-in-view to disable this warning
2025-09-18T10:06:13.599+09:00 DEBUG 58252 --- [kintai] [           main] s.w.s.m.m.a.RequestMappingHandlerMapping : 14 mappings in 'requestMappingHandlerMapping'
2025-09-18T10:06:13.659+09:00 DEBUG 58252 --- [kintai] [           main] o.s.w.s.handler.SimpleUrlHandlerMapping  : Patterns [/webjars/**, /**] in 'resourceHandlerMapping'
2025-09-18T10:06:13.708+09:00  INFO 58252 --- [kintai] [           main] o.s.b.a.e.web.EndpointLinksResolver      : Exposing 1 endpoint(s) beneath base path '/actuator'
2025-09-18T10:06:13.717+09:00  INFO 58252 --- [kintai] [           main] o.s.s.web.DefaultSecurityFilterChain     : Will secure any request with [org.springframework.security.web.session.DisableEncodeUrlFilter@520acc7a, org.springframework.security.web.context.request.async.WebAsyncManagerIntegrationFilter@5d2d4939, org.springframework.security.web.context.SecurityContextHolderFilter@41854000, org.springframework.security.web.header.HeaderWriterFilter@452895aa, org.springframework.web.filter.CorsFilter@2566428f, org.springframework.security.web.csrf.CsrfFilter@2c15515e, org.springframework.security.web.authentication.logout.LogoutFilter@3ad32e52, org.springframework.security.web.session.ConcurrentSessionFilter@25de3ccc, org.springframework.security.web.savedrequest.RequestCacheAwareFilter@5e9ae46f, org.springframework.security.web.servletapi.SecurityContextHolderAwareRequestFilter@1cbd2c1a, org.springframework.security.web.authentication.AnonymousAuthenticationFilter@421a0ba2, org.springframework.security.web.session.SessionManagementFilter@5973e4ec, org.springframework.security.web.access.ExceptionTranslationFilter@50a65fb9, org.springframework.security.web.access.intercept.AuthorizationFilter@63af8885]
2025-09-18T10:06:13.762+09:00 DEBUG 58252 --- [kintai] [           main] s.w.s.m.m.a.RequestMappingHandlerAdapter : ControllerAdvice beans: 0 @ModelAttribute, 0 @InitBinder, 1 RequestBodyAdvice, 1 ResponseBodyAdvice
2025-09-18T10:06:13.778+09:00 DEBUG 58252 --- [kintai] [           main] .m.m.a.ExceptionHandlerExceptionResolver : ControllerAdvice beans: 0 @ExceptionHandler, 1 ResponseBodyAdvice
2025-09-18T10:06:13.891+09:00  INFO 58252 --- [kintai] [           main] o.s.b.w.embedded.tomcat.TomcatWebServer  : Tomcat started on port 8080 (http) with context path ''
2025-09-18T10:06:13.900+09:00  INFO 58252 --- [kintai] [           main] com.kintai.KintaiApplication             : Started KintaiApplication in 3.194 seconds (process running for 3.408)
2025-09-18T10:06:29.346+09:00  INFO 58252 --- [kintai] [nio-8080-exec-1] o.a.c.c.C.[Tomcat].[localhost].[/]       : Initializing Spring DispatcherServlet 'dispatcherServlet'
2025-09-18T10:06:29.346+09:00  INFO 58252 --- [kintai] [nio-8080-exec-1] o.s.web.servlet.DispatcherServlet        : Initializing Servlet 'dispatcherServlet'
2025-09-18T10:06:29.346+09:00 DEBUG 58252 --- [kintai] [nio-8080-exec-1] o.s.web.servlet.DispatcherServlet        : Detected StandardServletMultipartResolver
2025-09-18T10:06:29.346+09:00 DEBUG 58252 --- [kintai] [nio-8080-exec-1] o.s.web.servlet.DispatcherServlet        : Detected AcceptHeaderLocaleResolver
2025-09-18T10:06:29.346+09:00 DEBUG 58252 --- [kintai] [nio-8080-exec-1] o.s.web.servlet.DispatcherServlet        : Detected FixedThemeResolver
2025-09-18T10:06:29.347+09:00 DEBUG 58252 --- [kintai] [nio-8080-exec-1] o.s.web.servlet.DispatcherServlet        : Detected org.springframework.web.servlet.view.DefaultRequestToViewNameTranslator@4caca1
2025-09-18T10:06:29.347+09:00 DEBUG 58252 --- [kintai] [nio-8080-exec-1] o.s.web.servlet.DispatcherServlet        : Detected org.springframework.web.servlet.support.SessionFlashMapManager@350ce9db
2025-09-18T10:06:29.347+09:00 DEBUG 58252 --- [kintai] [nio-8080-exec-1] o.s.web.servlet.DispatcherServlet        : enableLoggingRequestDetails='false': request parameters and headers will be masked to prevent unsafe logging of potentially sensitive data
2025-09-18T10:06:29.347+09:00  INFO 58252 --- [kintai] [nio-8080-exec-1] o.s.web.servlet.DispatcherServlet        : Completed initialization in 1 ms
2025-09-18T10:06:29.358+09:00  WARN 58252 --- [kintai] [nio-8080-exec-1] o.s.w.s.h.HandlerMappingIntrospector     : Cache miss for REQUEST dispatch to '/api/attendance/health' (previous null). Performing CorsConfiguration lookup. This is logged once only at WARN level, and every time at TRACE.
2025-09-18T10:06:29.365+09:00 DEBUG 58252 --- [kintai] [nio-8080-exec-1] o.s.web.servlet.DispatcherServlet        : GET "/api/attendance/health", parameters={}
2025-09-18T10:06:29.365+09:00 DEBUG 58252 --- [kintai] [nio-8080-exec-1] s.w.s.m.m.a.RequestMappingHandlerMapping : Mapped to com.kintai.controller.AttendanceController#health()
2025-09-18T10:06:29.383+09:00 DEBUG 58252 --- [kintai] [nio-8080-exec-1] o.s.w.s.m.m.a.HttpEntityMethodProcessor  : Using 'text/plain', given [*/*] and supported [text/plain, */*, application/json, application/*+json]
2025-09-18T10:06:29.383+09:00 DEBUG 58252 --- [kintai] [nio-8080-exec-1] o.s.w.s.m.m.a.HttpEntityMethodProcessor  : Writing ["勤怠管理システムは正常に動作しています"]
2025-09-18T10:06:29.387+09:00 DEBUG 58252 --- [kintai] [nio-8080-exec-1] o.s.web.servlet.DispatcherServlet        : Completed 200 OK
2025-09-18T10:06:32.339+09:00 DEBUG 58252 --- [kintai] [nio-8080-exec-2] o.s.web.servlet.DispatcherServlet        : POST "/api/auth/login", parameters={}
2025-09-18T10:06:32.339+09:00 DEBUG 58252 --- [kintai] [nio-8080-exec-2] s.w.s.m.m.a.RequestMappingHandlerMapping : Mapped to com.kintai.controller.AuthController#login(LoginRequest, HttpServletRequest)
2025-09-18T10:06:32.362+09:00 DEBUG 58252 --- [kintai] [nio-8080-exec-2] m.m.a.RequestResponseBodyMethodProcessor : Read "application/json;charset=UTF-8" to [com.kintai.controller.AuthController$LoginRequest@2e2cabff]
Hibernate: 
    select
        ua1_0.id,
        ua1_0.employee_id,
        ua1_0.enabled,
        ua1_0.password,
        ua1_0.role,
        ua1_0.username 
    from
        user_accounts ua1_0 
    where
        ua1_0.username=? 
        and ua1_0.enabled=?
2025-09-18T10:06:32.438+09:00 DEBUG 58252 --- [kintai] [nio-8080-exec-2] o.s.w.s.m.m.a.HttpEntityMethodProcessor  : Using 'application/json', given [*/*] and supported [application/json, application/*+json]
2025-09-18T10:06:32.439+09:00 DEBUG 58252 --- [kintai] [nio-8080-exec-2] o.s.w.s.m.m.a.HttpEntityMethodProcessor  : Writing [{role=EMPLOYEE, success=true, employeeId=2, sessionId=B55127AD458E23B03CDEFFD6B3881DDB, message=ログイン (truncated)...]
2025-09-18T10:06:32.442+09:00 DEBUG 58252 --- [kintai] [nio-8080-exec-2] o.s.web.servlet.DispatcherServlet        : Completed 200 OK
2025-09-18T10:06:34.827+09:00 DEBUG 58252 --- [kintai] [nio-8080-exec-4] o.s.web.servlet.DispatcherServlet        : GET "/api/attendance/csrf-token", parameters={}
2025-09-18T10:06:34.828+09:00 DEBUG 58252 --- [kintai] [nio-8080-exec-4] s.w.s.m.m.a.RequestMappingHandlerMapping : Mapped to com.kintai.controller.AttendanceController#getCsrfToken(HttpServletRequest)
2025-09-18T10:06:34.833+09:00 DEBUG 58252 --- [kintai] [nio-8080-exec-4] o.s.w.s.m.m.a.HttpEntityMethodProcessor  : Using 'application/json', given [*/*] and supported [application/json, application/*+json]
2025-09-18T10:06:34.833+09:00 DEBUG 58252 --- [kintai] [nio-8080-exec-4] o.s.w.s.m.m.a.HttpEntityMethodProcessor  : Writing [org.springframework.security.web.csrf.CsrfTokenRequestAttributeHandler$SupplierCsrfToken@5e00e940]
2025-09-18T10:06:34.836+09:00 DEBUG 58252 --- [kintai] [nio-8080-exec-4] o.s.web.servlet.DispatcherServlet        : Completed 200 OK
2025-09-18T10:08:17.642+09:00 DEBUG 58252 --- [kintai] [io-8080-exec-10] o.s.web.servlet.DispatcherServlet        : GET "/api/attendance/health", parameters={}
2025-09-18T10:08:17.643+09:00 DEBUG 58252 --- [kintai] [io-8080-exec-10] s.w.s.m.m.a.RequestMappingHandlerMapping : Mapped to com.kintai.controller.AttendanceController#health()
2025-09-18T10:08:17.644+09:00 DEBUG 58252 --- [kintai] [io-8080-exec-10] o.s.w.s.m.m.a.HttpEntityMethodProcessor  : Using 'text/plain', given [*/*] and supported [text/plain, */*, application/json, application/*+json]
2025-09-18T10:08:17.644+09:00 DEBUG 58252 --- [kintai] [io-8080-exec-10] o.s.w.s.m.m.a.HttpEntityMethodProcessor  : Writing ["勤怠管理システムは正常に動作しています"]
2025-09-18T10:08:17.644+09:00 DEBUG 58252 --- [kintai] [io-8080-exec-10] o.s.web.servlet.DispatcherServlet        : Completed 200 OK
2025-09-18T10:08:20.444+09:00 DEBUG 58252 --- [kintai] [nio-8080-exec-1] o.s.web.servlet.DispatcherServlet        : POST "/api/auth/login", parameters={}
2025-09-18T10:08:20.445+09:00 DEBUG 58252 --- [kintai] [nio-8080-exec-1] s.w.s.m.m.a.RequestMappingHandlerMapping : Mapped to com.kintai.controller.AuthController#login(LoginRequest, HttpServletRequest)
2025-09-18T10:08:20.445+09:00 DEBUG 58252 --- [kintai] [nio-8080-exec-1] m.m.a.RequestResponseBodyMethodProcessor : Read "application/json;charset=UTF-8" to [com.kintai.controller.AuthController$LoginRequest@45a1143a]
Hibernate: 
    select
        ua1_0.id,
        ua1_0.employee_id,
        ua1_0.enabled,
        ua1_0.password,
        ua1_0.role,
        ua1_0.username 
    from
        user_accounts ua1_0 
    where
        ua1_0.username=? 
        and ua1_0.enabled=?
2025-09-18T10:08:20.503+09:00 DEBUG 58252 --- [kintai] [nio-8080-exec-1] o.s.w.s.m.m.a.HttpEntityMethodProcessor  : Using 'application/json', given [*/*] and supported [application/json, application/*+json]
2025-09-18T10:08:20.504+09:00 DEBUG 58252 --- [kintai] [nio-8080-exec-1] o.s.w.s.m.m.a.HttpEntityMethodProcessor  : Writing [{role=EMPLOYEE, success=true, employeeId=2, sessionId=94673986859B106BE6114D57F87CE987, message=ログイン (truncated)...]
2025-09-18T10:08:20.504+09:00 DEBUG 58252 --- [kintai] [nio-8080-exec-1] o.s.web.servlet.DispatcherServlet        : Completed 200 OK
2025-09-18T10:08:23.213+09:00 DEBUG 58252 --- [kintai] [nio-8080-exec-3] o.s.web.servlet.DispatcherServlet        : GET "/api/auth/session", parameters={}
2025-09-18T10:08:23.213+09:00 DEBUG 58252 --- [kintai] [nio-8080-exec-3] s.w.s.m.m.a.RequestMappingHandlerMapping : Mapped to com.kintai.controller.AuthController#getSession(HttpServletRequest)
2025-09-18T10:08:23.213+09:00 DEBUG 58252 --- [kintai] [nio-8080-exec-3] o.s.w.s.m.m.a.HttpEntityMethodProcessor  : Using 'application/json', given [*/*] and supported [application/json, application/*+json]
2025-09-18T10:08:23.213+09:00 DEBUG 58252 --- [kintai] [nio-8080-exec-3] o.s.w.s.m.m.a.HttpEntityMethodProcessor  : Writing [{authenticated=true, role=EMPLOYEE, employeeId=2, sessionId=94673986859B106BE6114D57F87CE987, userna (truncated)...]
2025-09-18T10:08:23.214+09:00 DEBUG 58252 --- [kintai] [nio-8080-exec-3] o.s.web.servlet.DispatcherServlet        : Completed 200 OK
2025-09-18T10:08:25.960+09:00 DEBUG 58252 --- [kintai] [nio-8080-exec-5] o.s.web.servlet.DispatcherServlet        : GET "/api/attendance/csrf-token", parameters={}
2025-09-18T10:08:25.960+09:00 DEBUG 58252 --- [kintai] [nio-8080-exec-5] s.w.s.m.m.a.RequestMappingHandlerMapping : Mapped to com.kintai.controller.AttendanceController#getCsrfToken(HttpServletRequest)
2025-09-18T10:08:25.961+09:00 DEBUG 58252 --- [kintai] [nio-8080-exec-5] o.s.w.s.m.m.a.HttpEntityMethodProcessor  : Using 'application/json', given [*/*] and supported [application/json, application/*+json]
2025-09-18T10:08:25.961+09:00 DEBUG 58252 --- [kintai] [nio-8080-exec-5] o.s.w.s.m.m.a.HttpEntityMethodProcessor  : Writing [org.springframework.security.web.csrf.CsrfTokenRequestAttributeHandler$SupplierCsrfToken@5a54446]
2025-09-18T10:08:25.962+09:00 DEBUG 58252 --- [kintai] [nio-8080-exec-5] o.s.web.servlet.DispatcherServlet        : Completed 200 OK
2025-09-18T10:08:29.143+09:00 DEBUG 58252 --- [kintai] [nio-8080-exec-7] o.s.web.servlet.DispatcherServlet        : GET "/api/attendance/health", parameters={}
2025-09-18T10:08:29.143+09:00 DEBUG 58252 --- [kintai] [nio-8080-exec-7] s.w.s.m.m.a.RequestMappingHandlerMapping : Mapped to com.kintai.controller.AttendanceController#health()
2025-09-18T10:08:29.144+09:00 DEBUG 58252 --- [kintai] [nio-8080-exec-7] o.s.w.s.m.m.a.HttpEntityMethodProcessor  : Using 'text/plain', given [*/*] and supported [text/plain, */*, application/json, application/*+json]
2025-09-18T10:08:29.144+09:00 DEBUG 58252 --- [kintai] [nio-8080-exec-7] o.s.w.s.m.m.a.HttpEntityMethodProcessor  : Writing ["勤怠管理システムは正常に動作しています"]
2025-09-18T10:08:29.145+09:00 DEBUG 58252 --- [kintai] [nio-8080-exec-7] o.s.web.servlet.DispatcherServlet        : Completed 200 OK
2025-09-18T10:08:31.886+09:00 DEBUG 58252 --- [kintai] [nio-8080-exec-8] o.s.web.servlet.DispatcherServlet        : GET "/api/attendance/csrf-token", parameters={}
2025-09-18T10:08:31.886+09:00 DEBUG 58252 --- [kintai] [nio-8080-exec-8] s.w.s.m.m.a.RequestMappingHandlerMapping : Mapped to com.kintai.controller.AttendanceController#getCsrfToken(HttpServletRequest)
2025-09-18T10:08:31.887+09:00 DEBUG 58252 --- [kintai] [nio-8080-exec-8] o.s.w.s.m.m.a.HttpEntityMethodProcessor  : Using 'application/json', given [*/*] and supported [application/json, application/*+json]
2025-09-18T10:08:31.887+09:00 DEBUG 58252 --- [kintai] [nio-8080-exec-8] o.s.w.s.m.m.a.HttpEntityMethodProcessor  : Writing [org.springframework.security.web.csrf.CsrfTokenRequestAttributeHandler$SupplierCsrfToken@5ed0d489]
2025-09-18T10:08:31.888+09:00 DEBUG 58252 --- [kintai] [nio-8080-exec-8] o.s.web.servlet.DispatcherServlet        : Completed 200 OK
2025-09-18T10:08:37.298+09:00 DEBUG 58252 --- [kintai] [nio-8080-exec-2] o.s.web.servlet.DispatcherServlet        : GET "/api/auth/session", parameters={}
2025-09-18T10:08:37.298+09:00 DEBUG 58252 --- [kintai] [nio-8080-exec-2] s.w.s.m.m.a.RequestMappingHandlerMapping : Mapped to com.kintai.controller.AuthController#getSession(HttpServletRequest)
2025-09-18T10:08:37.299+09:00 DEBUG 58252 --- [kintai] [nio-8080-exec-2] o.s.w.s.m.m.a.HttpEntityMethodProcessor  : Using 'application/json', given [*/*] and supported [application/json, application/*+json]
2025-09-18T10:08:37.299+09:00 DEBUG 58252 --- [kintai] [nio-8080-exec-2] o.s.w.s.m.m.a.HttpEntityMethodProcessor  : Writing [{authenticated=false, message=セッションが無効です}]
2025-09-18T10:08:37.300+09:00 DEBUG 58252 --- [kintai] [nio-8080-exec-2] o.s.web.servlet.DispatcherServlet        : Completed 401 UNAUTHORIZED
2025-09-18T10:08:40.513+09:00 DEBUG 58252 --- [kintai] [nio-8080-exec-4] o.s.web.servlet.DispatcherServlet        : POST "/api/auth/login", parameters={}
2025-09-18T10:08:40.514+09:00 DEBUG 58252 --- [kintai] [nio-8080-exec-4] s.w.s.m.m.a.RequestMappingHandlerMapping : Mapped to com.kintai.controller.AuthController#login(LoginRequest, HttpServletRequest)
2025-09-18T10:08:40.514+09:00 DEBUG 58252 --- [kintai] [nio-8080-exec-4] m.m.a.RequestResponseBodyMethodProcessor : Read "application/json;charset=UTF-8" to [com.kintai.controller.AuthController$LoginRequest@500fdc9b]
Hibernate: 
    select
        ua1_0.id,
        ua1_0.employee_id,
        ua1_0.enabled,
        ua1_0.password,
        ua1_0.role,
        ua1_0.username 
    from
        user_accounts ua1_0 
    where
        ua1_0.username=? 
        and ua1_0.enabled=?
2025-09-18T10:08:40.572+09:00 DEBUG 58252 --- [kintai] [nio-8080-exec-4] o.s.w.s.m.m.a.HttpEntityMethodProcessor  : Using 'application/json', given [*/*] and supported [application/json, application/*+json]
2025-09-18T10:08:40.572+09:00 DEBUG 58252 --- [kintai] [nio-8080-exec-4] o.s.w.s.m.m.a.HttpEntityMethodProcessor  : Writing [{role=ADMIN, success=true, employeeId=1, sessionId=E5220974A7DA1A39694D4FE7C6FABECD, message=ログインに成功 (truncated)...]
2025-09-18T10:08:40.572+09:00 DEBUG 58252 --- [kintai] [nio-8080-exec-4] o.s.web.servlet.DispatcherServlet        : Completed 200 OK
2025-09-18T10:08:43.483+09:00 DEBUG 58252 --- [kintai] [nio-8080-exec-6] o.s.web.servlet.DispatcherServlet        : GET "/api/auth/session", parameters={}
2025-09-18T10:08:43.484+09:00 DEBUG 58252 --- [kintai] [nio-8080-exec-6] s.w.s.m.m.a.RequestMappingHandlerMapping : Mapped to com.kintai.controller.AuthController#getSession(HttpServletRequest)
2025-09-18T10:08:43.484+09:00 DEBUG 58252 --- [kintai] [nio-8080-exec-6] o.s.w.s.m.m.a.HttpEntityMethodProcessor  : Using 'application/json', given [*/*] and supported [application/json, application/*+json]
2025-09-18T10:08:43.484+09:00 DEBUG 58252 --- [kintai] [nio-8080-exec-6] o.s.w.s.m.m.a.HttpEntityMethodProcessor  : Writing [{authenticated=true, role=ADMIN, employeeId=1, sessionId=E5220974A7DA1A39694D4FE7C6FABECD, username= (truncated)...]
2025-09-18T10:08:43.484+09:00 DEBUG 58252 --- [kintai] [nio-8080-exec-6] o.s.web.servlet.DispatcherServlet        : Completed 200 OK
